<?xml version="1.0" encoding="UTF-8"?>
<coverage generated="1534943528993" clover="3.2.0">
  <project timestamp="1534943528993" name="All files">
    <metrics statements="46" coveredstatements="16" conditionals="18" coveredconditionals="8" methods="24" coveredmethods="9" elements="88" coveredelements="33" complexity="0" loc="46" ncloc="46" packages="3" files="8" classes="8">
      <package name="src">
        <metrics statements="25" coveredstatements="3" conditionals="2" coveredconditionals="0" methods="11" coveredmethods="1"/>
        <file name="spotify.js" path="/Users/olliecrook/workspace/own-project/src/spotify.js">
          <metrics statements="25" coveredstatements="3" conditionals="2" coveredconditionals="0" methods="11" coveredmethods="1"/>
          <line num="1" count="2" type="stmt"/>
          <line num="9" count="2" type="stmt"/>
          <line num="12" count="2" type="stmt"/>
          <line num="13" count="0" type="stmt"/>
          <line num="14" count="0" type="stmt"/>
          <line num="17" count="0" type="stmt"/>
          <line num="22" count="0" type="stmt"/>
          <line num="23" count="0" type="stmt"/>
          <line num="25" count="0" type="stmt"/>
          <line num="26" count="0" type="stmt"/>
          <line num="28" count="0" type="stmt"/>
          <line num="29" count="0" type="stmt"/>
          <line num="31" count="0" type="stmt"/>
          <line num="32" count="0" type="stmt"/>
          <line num="36" count="0" type="stmt"/>
          <line num="37" count="0" type="stmt"/>
          <line num="40" count="0" type="stmt"/>
          <line num="41" count="0" type="cond" truecount="0" falsecount="2"/>
          <line num="42" count="0" type="stmt"/>
          <line num="43" count="0" type="stmt"/>
          <line num="48" count="0" type="stmt"/>
          <line num="49" count="0" type="stmt"/>
          <line num="53" count="0" type="stmt"/>
          <line num="54" count="0" type="stmt"/>
          <line num="58" count="0" type="stmt"/>
        </file>
      </package>
      <package name="src.components">
        <metrics statements="19" coveredstatements="11" conditionals="16" coveredconditionals="8" methods="13" coveredmethods="8"/>
        <file name="App.js" path="/Users/olliecrook/workspace/own-project/src/components/App.js">
          <metrics statements="14" coveredstatements="6" conditionals="12" coveredconditionals="6" methods="8" coveredmethods="3"/>
          <line num="9" count="2" type="stmt"/>
          <line num="11" count="2" type="stmt"/>
          <line num="20" count="2" type="stmt"/>
          <line num="21" count="2" type="stmt"/>
          <line num="25" count="0" type="cond" truecount="0" falsecount="2"/>
          <line num="26" count="0" type="stmt"/>
          <line num="35" count="0" type="stmt"/>
          <line num="42" count="0" type="stmt"/>
          <line num="47" count="2" type="stmt"/>
          <line num="51" count="0" type="stmt"/>
          <line num="56" count="0" type="stmt"/>
          <line num="57" count="0" type="stmt"/>
          <line num="58" count="0" type="stmt"/>
          <line num="62" count="2" type="stmt"/>
        </file>
        <file name="Event.js" path="/Users/olliecrook/workspace/own-project/src/components/Event.js">
          <metrics statements="1" coveredstatements="1" conditionals="2" coveredconditionals="1" methods="1" coveredmethods="1"/>
          <line num="4" count="2" type="stmt"/>
        </file>
        <file name="Events.js" path="/Users/olliecrook/workspace/own-project/src/components/Events.js">
          <metrics statements="2" coveredstatements="2" conditionals="0" coveredconditionals="0" methods="2" coveredmethods="2"/>
          <line num="5" count="2" type="stmt"/>
          <line num="8" count="2" type="stmt"/>
        </file>
        <file name="Header.js" path="/Users/olliecrook/workspace/own-project/src/components/Header.js">
          <metrics statements="1" coveredstatements="1" conditionals="2" coveredconditionals="1" methods="1" coveredmethods="1"/>
          <line num="4" count="2" type="stmt"/>
        </file>
        <file name="PlayWindow.js" path="/Users/olliecrook/workspace/own-project/src/components/PlayWindow.js">
          <metrics statements="1" coveredstatements="1" conditionals="0" coveredconditionals="0" methods="1" coveredmethods="1"/>
          <line num="4" count="1" type="stmt"/>
        </file>
      </package>
      <package name="tests">
        <metrics statements="2" coveredstatements="2" conditionals="0" coveredconditionals="0" methods="0" coveredmethods="0"/>
        <file name="mockEventsResults.js" path="/Users/olliecrook/workspace/own-project/tests/mockEventsResults.js">
          <metrics statements="1" coveredstatements="1" conditionals="0" coveredconditionals="0" methods="0" coveredmethods="0"/>
          <line num="1" count="1" type="stmt"/>
        </file>
        <file name="setup.js" path="/Users/olliecrook/workspace/own-project/tests/setup.js">
          <metrics statements="1" coveredstatements="1" conditionals="0" coveredconditionals="0" methods="0" coveredmethods="0"/>
          <line num="4" count="5" type="stmt"/>
        </file>
      </package>
    </metrics>
  </project>
</coverage>
