{"/Users/olliecrook/workspace/own-project/src/spotify.js": {"path":"/Users/olliecrook/workspace/own-project/src/spotify.js","statementMap":{"0":{"start":{"line":1,"column":15},"end":{"line":5,"column":1}},"1":{"start":{"line":9,"column":2},"end":{"line":9,"column":32}},"2":{"start":{"line":12,"column":0},"end":{"line":59,"column":2}},"3":{"start":{"line":13,"column":16},"end":{"line":13,"column":28}},"4":{"start":{"line":14,"column":17},"end":{"line":19,"column":4}},"5":{"start":{"line":17,"column":6},"end":{"line":17,"column":16}},"6":{"start":{"line":22,"column":2},"end":{"line":24,"column":5}},"7":{"start":{"line":23,"column":4},"end":{"line":23,"column":27}},"8":{"start":{"line":25,"column":2},"end":{"line":27,"column":5}},"9":{"start":{"line":26,"column":4},"end":{"line":26,"column":27}},"10":{"start":{"line":28,"column":2},"end":{"line":30,"column":5}},"11":{"start":{"line":29,"column":4},"end":{"line":29,"column":27}},"12":{"start":{"line":31,"column":2},"end":{"line":33,"column":5}},"13":{"start":{"line":32,"column":4},"end":{"line":32,"column":27}},"14":{"start":{"line":36,"column":2},"end":{"line":38,"column":5}},"15":{"start":{"line":37,"column":4},"end":{"line":37,"column":26}},"16":{"start":{"line":40,"column":2},"end":{"line":45,"column":5}},"17":{"start":{"line":41,"column":4},"end":{"line":44,"column":5}},"18":{"start":{"line":42,"column":6},"end":{"line":42,"column":43}},"19":{"start":{"line":43,"column":6},"end":{"line":43,"column":13}},"20":{"start":{"line":48,"column":2},"end":{"line":50,"column":5}},"21":{"start":{"line":49,"column":4},"end":{"line":49,"column":51}},"22":{"start":{"line":53,"column":2},"end":{"line":55,"column":5}},"23":{"start":{"line":54,"column":4},"end":{"line":54,"column":57}},"24":{"start":{"line":58,"column":2},"end":{"line":58,"column":19}}},"fnMap":{"0":{"name":"(anonymous_0)","decl":{"start":{"line":8,"column":15},"end":{"line":8,"column":16}},"loc":{"start":{"line":8,"column":38},"end":{"line":10,"column":1}},"line":8},"1":{"name":"(anonymous_1)","decl":{"start":{"line":12,"column":38},"end":{"line":12,"column":39}},"loc":{"start":{"line":12,"column":44},"end":{"line":59,"column":1}},"line":12},"2":{"name":"(anonymous_2)","decl":{"start":{"line":16,"column":19},"end":{"line":16,"column":20}},"loc":{"start":{"line":16,"column":25},"end":{"line":18,"column":5}},"line":16},"3":{"name":"(anonymous_3)","decl":{"start":{"line":22,"column":45},"end":{"line":22,"column":46}},"loc":{"start":{"line":22,"column":62},"end":{"line":24,"column":3}},"line":22},"4":{"name":"(anonymous_4)","decl":{"start":{"line":25,"column":45},"end":{"line":25,"column":46}},"loc":{"start":{"line":25,"column":62},"end":{"line":27,"column":3}},"line":25},"5":{"name":"(anonymous_5)","decl":{"start":{"line":28,"column":38},"end":{"line":28,"column":39}},"loc":{"start":{"line":28,"column":55},"end":{"line":30,"column":3}},"line":28},"6":{"name":"(anonymous_6)","decl":{"start":{"line":31,"column":39},"end":{"line":31,"column":40}},"loc":{"start":{"line":31,"column":56},"end":{"line":33,"column":3}},"line":31},"7":{"name":"(anonymous_7)","decl":{"start":{"line":36,"column":45},"end":{"line":36,"column":46}},"loc":{"start":{"line":36,"column":54},"end":{"line":38,"column":3}},"line":36},"8":{"name":"(anonymous_8)","decl":{"start":{"line":40,"column":32},"end":{"line":40,"column":33}},"loc":{"start":{"line":40,"column":41},"end":{"line":45,"column":3}},"line":40},"9":{"name":"(anonymous_9)","decl":{"start":{"line":48,"column":30},"end":{"line":48,"column":31}},"loc":{"start":{"line":48,"column":49},"end":{"line":50,"column":3}},"line":48},"10":{"name":"(anonymous_10)","decl":{"start":{"line":53,"column":34},"end":{"line":53,"column":35}},"loc":{"start":{"line":53,"column":53},"end":{"line":55,"column":3}},"line":53}},"branchMap":{"0":{"loc":{"start":{"line":41,"column":4},"end":{"line":44,"column":5}},"type":"if","locations":[{"start":{"line":41,"column":4},"end":{"line":44,"column":5}},{"start":{"line":41,"column":4},"end":{"line":44,"column":5}}],"line":41}},"s":{"0":2,"1":2,"2":2,"3":0,"4":0,"5":0,"6":0,"7":0,"8":0,"9":0,"10":0,"11":0,"12":0,"13":0,"14":0,"15":0,"16":0,"17":0,"18":0,"19":0,"20":0,"21":0,"22":0,"23":0,"24":0},"f":{"0":2,"1":0,"2":0,"3":0,"4":0,"5":0,"6":0,"7":0,"8":0,"9":0,"10":0},"b":{"0":[0,0]},"_coverageSchema":"332fd63041d2c1bcb487cc26dd0d5f7d97098a6c","hash":"96b2df683194f4fbb55f36cd78ce04ee16a506c5"}
,"/Users/olliecrook/workspace/own-project/src/components/App.js": {"path":"/Users/olliecrook/workspace/own-project/src/components/App.js","statementMap":{"0":{"start":{"line":9,"column":4},"end":{"line":9,"column":12}},"1":{"start":{"line":11,"column":4},"end":{"line":18,"column":6}},"2":{"start":{"line":20,"column":4},"end":{"line":20,"column":67}},"3":{"start":{"line":21,"column":4},"end":{"line":21,"column":49}},"4":{"start":{"line":25,"column":4},"end":{"line":43,"column":5}},"5":{"start":{"line":26,"column":6},"end":{"line":33,"column":9}},"6":{"start":{"line":35,"column":6},"end":{"line":41,"column":9}},"7":{"start":{"line":42,"column":6},"end":{"line":42,"column":24}},"8":{"start":{"line":47,"column":4},"end":{"line":47,"column":38}},"9":{"start":{"line":51,"column":4},"end":{"line":58,"column":53}},"10":{"start":{"line":56,"column":24},"end":{"line":56,"column":39}},"11":{"start":{"line":57,"column":20},"end":{"line":57,"column":68}},"12":{"start":{"line":58,"column":22},"end":{"line":58,"column":51}},"13":{"start":{"line":62,"column":4},"end":{"line":89,"column":6}}},"fnMap":{"0":{"name":"(anonymous_0)","decl":{"start":{"line":8,"column":2},"end":{"line":8,"column":3}},"loc":{"start":{"line":8,"column":16},"end":{"line":22,"column":3}},"line":8},"1":{"name":"(anonymous_1)","decl":{"start":{"line":24,"column":2},"end":{"line":24,"column":3}},"loc":{"start":{"line":24,"column":29},"end":{"line":44,"column":3}},"line":24},"2":{"name":"(anonymous_2)","decl":{"start":{"line":46,"column":2},"end":{"line":46,"column":3}},"loc":{"start":{"line":46,"column":22},"end":{"line":48,"column":3}},"line":46},"3":{"name":"(anonymous_3)","decl":{"start":{"line":50,"column":2},"end":{"line":50,"column":3}},"loc":{"start":{"line":50,"column":15},"end":{"line":59,"column":3}},"line":50},"4":{"name":"(anonymous_4)","decl":{"start":{"line":56,"column":12},"end":{"line":56,"column":13}},"loc":{"start":{"line":56,"column":24},"end":{"line":56,"column":39}},"line":56},"5":{"name":"(anonymous_5)","decl":{"start":{"line":57,"column":12},"end":{"line":57,"column":13}},"loc":{"start":{"line":57,"column":20},"end":{"line":57,"column":68}},"line":57},"6":{"name":"(anonymous_6)","decl":{"start":{"line":58,"column":13},"end":{"line":58,"column":14}},"loc":{"start":{"line":58,"column":22},"end":{"line":58,"column":51}},"line":58},"7":{"name":"(anonymous_7)","decl":{"start":{"line":61,"column":2},"end":{"line":61,"column":3}},"loc":{"start":{"line":61,"column":11},"end":{"line":90,"column":3}},"line":61}},"branchMap":{"0":{"loc":{"start":{"line":25,"column":4},"end":{"line":43,"column":5}},"type":"if","locations":[{"start":{"line":25,"column":4},"end":{"line":43,"column":5}},{"start":{"line":25,"column":4},"end":{"line":43,"column":5}}],"line":25},"1":{"loc":{"start":{"line":66,"column":11},"end":{"line":78,"column":11}},"type":"cond-expr","locations":[{"start":{"line":67,"column":12},"end":{"line":72,"column":14}},{"start":{"line":74,"column":12},"end":{"line":77,"column":14}}],"line":66},"2":{"loc":{"start":{"line":80,"column":11},"end":{"line":86,"column":18}},"type":"cond-expr","locations":[{"start":{"line":81,"column":12},"end":{"line":81,"column":52}},{"start":{"line":82,"column":14},"end":{"line":86,"column":18}}],"line":80},"3":{"loc":{"start":{"line":80,"column":11},"end":{"line":80,"column":68}},"type":"binary-expr","locations":[{"start":{"line":80,"column":11},"end":{"line":80,"column":35}},{"start":{"line":80,"column":39},"end":{"line":80,"column":68}}],"line":80},"4":{"loc":{"start":{"line":82,"column":14},"end":{"line":86,"column":18}},"type":"cond-expr","locations":[{"start":{"line":83,"column":12},"end":{"line":85,"column":18}},{"start":{"line":86,"column":14},"end":{"line":86,"column":18}}],"line":82},"5":{"loc":{"start":{"line":82,"column":14},"end":{"line":82,"column":63}},"type":"binary-expr","locations":[{"start":{"line":82,"column":14},"end":{"line":82,"column":39}},{"start":{"line":82,"column":43},"end":{"line":82,"column":63}}],"line":82}},"s":{"0":2,"1":2,"2":2,"3":2,"4":0,"5":0,"6":0,"7":0,"8":2,"9":0,"10":0,"11":0,"12":0,"13":2},"f":{"0":2,"1":0,"2":2,"3":0,"4":0,"5":0,"6":0,"7":2},"b":{"0":[0,0],"1":[0,2],"2":[0,2],"3":[2,0],"4":[0,2],"5":[2,2]},"_coverageSchema":"332fd63041d2c1bcb487cc26dd0d5f7d97098a6c","hash":"d861973669f391fb7b40beb1da4287ade6bc10de"}
,"/Users/olliecrook/workspace/own-project/src/components/Event.js": {"path":"/Users/olliecrook/workspace/own-project/src/components/Event.js","statementMap":{"0":{"start":{"line":4,"column":2},"end":{"line":22,"column":4}}},"fnMap":{"0":{"name":"Event","decl":{"start":{"line":3,"column":9},"end":{"line":3,"column":14}},"loc":{"start":{"line":3,"column":26},"end":{"line":23,"column":1}},"line":3}},"branchMap":{"0":{"loc":{"start":{"line":12,"column":7},"end":{"line":20,"column":7}},"type":"cond-expr","locations":[{"start":{"line":13,"column":8},"end":{"line":17,"column":12}},{"start":{"line":19,"column":8},"end":{"line":19,"column":49}}],"line":12}},"s":{"0":2},"f":{"0":2},"b":{"0":[2,0]},"_coverageSchema":"332fd63041d2c1bcb487cc26dd0d5f7d97098a6c","hash":"67080099be4db4681260a2af30702fccce37c8cd"}
,"/Users/olliecrook/workspace/own-project/src/components/Events.js": {"path":"/Users/olliecrook/workspace/own-project/src/components/Events.js","statementMap":{"0":{"start":{"line":5,"column":2},"end":{"line":11,"column":4}},"1":{"start":{"line":8,"column":8},"end":{"line":8,"column":54}}},"fnMap":{"0":{"name":"Events","decl":{"start":{"line":4,"column":9},"end":{"line":4,"column":15}},"loc":{"start":{"line":4,"column":31},"end":{"line":12,"column":1}},"line":4},"1":{"name":"(anonymous_1)","decl":{"start":{"line":7,"column":21},"end":{"line":7,"column":22}},"loc":{"start":{"line":7,"column":37},"end":{"line":9,"column":7}},"line":7}},"branchMap":{},"s":{"0":2,"1":2},"f":{"0":2,"1":2},"b":{},"_coverageSchema":"332fd63041d2c1bcb487cc26dd0d5f7d97098a6c","hash":"28dbb7b4b8934fbc9a232e4966d0031f507c59b8"}
,"/Users/olliecrook/workspace/own-project/src/components/Header.js": {"path":"/Users/olliecrook/workspace/own-project/src/components/Header.js","statementMap":{"0":{"start":{"line":4,"column":2},"end":{"line":18,"column":4}}},"fnMap":{"0":{"name":"Header","decl":{"start":{"line":3,"column":9},"end":{"line":3,"column":15}},"loc":{"start":{"line":3,"column":31},"end":{"line":19,"column":1}},"line":3}},"branchMap":{"0":{"loc":{"start":{"line":8,"column":7},"end":{"line":16,"column":14}},"type":"cond-expr","locations":[{"start":{"line":9,"column":8},"end":{"line":15,"column":14}},{"start":{"line":16,"column":10},"end":{"line":16,"column":14}}],"line":8}},"s":{"0":2},"f":{"0":2},"b":{"0":[2,0]},"_coverageSchema":"332fd63041d2c1bcb487cc26dd0d5f7d97098a6c","hash":"c3ba70c2ef2c565369746accc7535723d7fdfb69"}
,"/Users/olliecrook/workspace/own-project/src/components/PlayWindow.js": {"path":"/Users/olliecrook/workspace/own-project/src/components/PlayWindow.js","statementMap":{"0":{"start":{"line":4,"column":2},"end":{"line":13,"column":4}}},"fnMap":{"0":{"name":"PlayWindow","decl":{"start":{"line":3,"column":9},"end":{"line":3,"column":19}},"loc":{"start":{"line":3,"column":63},"end":{"line":14,"column":1}},"line":3}},"branchMap":{},"s":{"0":1},"f":{"0":1},"b":{},"_coverageSchema":"332fd63041d2c1bcb487cc26dd0d5f7d97098a6c","hash":"23cb0871500dc32f791a6b6284bf621b195b0dfc"}
,"/Users/olliecrook/workspace/own-project/tests/mockEventsResults.js": {"path":"/Users/olliecrook/workspace/own-project/tests/mockEventsResults.js","statementMap":{"0":{"start":{"line":1,"column":22},"end":{"line":2260,"column":1}}},"fnMap":{},"branchMap":{},"s":{"0":1},"f":{},"b":{},"_coverageSchema":"332fd63041d2c1bcb487cc26dd0d5f7d97098a6c","hash":"a3091c7b168af6a82b287dd3dac09b307fd2f5d0"}
,"/Users/olliecrook/workspace/own-project/tests/setup.js": {"path":"/Users/olliecrook/workspace/own-project/tests/setup.js","statementMap":{"0":{"start":{"line":4,"column":0},"end":{"line":4,"column":45}}},"fnMap":{},"branchMap":{},"s":{"0":5},"f":{},"b":{},"_coverageSchema":"332fd63041d2c1bcb487cc26dd0d5f7d97098a6c","hash":"0915a4a56782f4184672b1248037a857b456dc7d"}
}
