TN:
SF:/Users/olliecrook/workspace/own-project/src/spotify.js
FN:8,(anonymous_0)
FN:12,(anonymous_1)
FN:16,(anonymous_2)
FN:22,(anonymous_3)
FN:25,(anonymous_4)
FN:28,(anonymous_5)
FN:31,(anonymous_6)
FN:36,(anonymous_7)
FN:40,(anonymous_8)
FN:48,(anonymous_9)
FN:53,(anonymous_10)
FNF:11
FNH:1
FNDA:2,(anonymous_0)
FNDA:0,(anonymous_1)
FNDA:0,(anonymous_2)
FNDA:0,(anonymous_3)
FNDA:0,(anonymous_4)
FNDA:0,(anonymous_5)
FNDA:0,(anonymous_6)
FNDA:0,(anonymous_7)
FNDA:0,(anonymous_8)
FNDA:0,(anonymous_9)
FNDA:0,(anonymous_10)
DA:1,2
DA:9,2
DA:12,2
DA:13,0
DA:14,0
DA:17,0
DA:22,0
DA:23,0
DA:25,0
DA:26,0
DA:28,0
DA:29,0
DA:31,0
DA:32,0
DA:36,0
DA:37,0
DA:40,0
DA:41,0
DA:42,0
DA:43,0
DA:48,0
DA:49,0
DA:53,0
DA:54,0
DA:58,0
LF:25
LH:3
BRDA:41,0,0,0
BRDA:41,0,1,0
BRF:2
BRH:0
end_of_record
TN:
SF:/Users/olliecrook/workspace/own-project/src/components/App.js
FN:8,(anonymous_0)
FN:24,(anonymous_1)
FN:46,(anonymous_2)
FN:50,(anonymous_3)
FN:56,(anonymous_4)
FN:57,(anonymous_5)
FN:58,(anonymous_6)
FN:61,(anonymous_7)
FNF:8
FNH:3
FNDA:2,(anonymous_0)
FNDA:0,(anonymous_1)
FNDA:2,(anonymous_2)
FNDA:0,(anonymous_3)
FNDA:0,(anonymous_4)
FNDA:0,(anonymous_5)
FNDA:0,(anonymous_6)
FNDA:2,(anonymous_7)
DA:9,2
DA:11,2
DA:20,2
DA:21,2
DA:25,0
DA:26,0
DA:35,0
DA:42,0
DA:47,2
DA:51,0
DA:56,0
DA:57,0
DA:58,0
DA:62,2
LF:14
LH:6
BRDA:25,0,0,0
BRDA:25,0,1,0
BRDA:66,1,0,0
BRDA:66,1,1,2
BRDA:80,2,0,0
BRDA:80,2,1,2
BRDA:80,3,0,2
BRDA:80,3,1,0
BRDA:82,4,0,0
BRDA:82,4,1,2
BRDA:82,5,0,2
BRDA:82,5,1,2
BRF:12
BRH:6
end_of_record
TN:
SF:/Users/olliecrook/workspace/own-project/src/components/Event.js
FN:3,Event
FNF:1
FNH:1
FNDA:2,Event
DA:4,2
LF:1
LH:1
BRDA:12,0,0,2
BRDA:12,0,1,0
BRF:2
BRH:1
end_of_record
TN:
SF:/Users/olliecrook/workspace/own-project/src/components/Events.js
FN:4,Events
FN:7,(anonymous_1)
FNF:2
FNH:2
FNDA:2,Events
FNDA:2,(anonymous_1)
DA:5,2
DA:8,2
LF:2
LH:2
BRF:0
BRH:0
end_of_record
TN:
SF:/Users/olliecrook/workspace/own-project/src/components/Header.js
FN:3,Header
FNF:1
FNH:1
FNDA:2,Header
DA:4,2
LF:1
LH:1
BRDA:8,0,0,2
BRDA:8,0,1,0
BRF:2
BRH:1
end_of_record
TN:
SF:/Users/olliecrook/workspace/own-project/src/components/PlayWindow.js
FN:3,PlayWindow
FNF:1
FNH:1
FNDA:1,PlayWindow
DA:4,1
LF:1
LH:1
BRF:0
BRH:0
end_of_record
TN:
SF:/Users/olliecrook/workspace/own-project/tests/mockEventsResults.js
FNF:0
FNH:0
DA:1,1
LF:1
LH:1
BRF:0
BRH:0
end_of_record
TN:
SF:/Users/olliecrook/workspace/own-project/tests/setup.js
FNF:0
FNH:0
DA:4,5
LF:1
LH:1
BRF:0
BRH:0
end_of_record
